Fatal error: Call to a member function getId() on a non-object in /var/www/docroot/application/modules/controllers/ModalController.php on line 609
<b>Warning</b>: Invalid argument supplied for foreach() in <b>/home/content/.../admin/model/report/sale.php</b> on line <b>87</b>
Fatal error: Undefined class constant 'PRODUCT' in 
OLE DB provider "MSDASQL" for linked server "INFORMIX_LIBRARY" returned message "[Microsoft][ODBC Driver Manager] Driver's SQLSetConnectAttr failed".
Cannot initialize the data source object of OLE DB provider "MSDASQL" for linked server "INFORMIX_LIBRARY".
You have an error in your SQL syntax; check the manual that corresponds to your MySQL server version for the right syntax to use near 'Details (title, first, last, NRIC, po' at line 1
<p>Illegal mix of collations (latin1_swedish_ci ,IMPLICIT) and (utf8_general_ci ,COERCIBLE) for operation ’=’</p>
[SEVERE] at net.minecraft.server.World.tickEntities(World.java:1146)
at com.aptrix.pluto.cmpnt.FormatterCmpnt.applyMicroTemplate(FormatterCmpnt.java(Compiled Code))
at com.aptrix.pluto.cmpnt.FormatterCmpnt.resolveNode(FormatterCmpnt.java(Inlined Compiled Code))
at sun.reflect.GeneratedMethodAccessor3159.invoke(Unknown Source)
Failed to convert property value of type [java.lang.String] to required type [boolean] for property order; nested exception is java.lang.IllegalArgumentException
SyntaxError: Unexpected token &amp; in JSON at position 52<br> &nbsp; &nbsp;at JSON.parse (&lt;anonymous&gt;)<br> &nbsp; &nbsp;at parse (/app/node_modules/body-parser/lib/types/json.js:88:17)<br> &nbsp; &nbsp;
<html><head><title>JBoss Web/7.4.10.Final-redhat-1 - JBWEB000064: Error report</title><style>
System.Web.UI.Page.ProcessRequestMain(Boolean includeStagesBeforeAsyncPoint) +2071
System.Web.UI.Page.ProcessRequestMain(Boolean includeStagesBeforeAsyncPoint, Integer blah) +2071
System.Web.UI.Page.ProcessRequestMain() +2071
"Message":"Invalid web service call
c() called at [/tmp/include.php:10]
Use of uninitialized value in string eq at /Library/Perl/5.8.6/WWW/Mechanize.pm line 695
Traceback (most recent call last): 
  File "/test123.py", line 26, in <module>
from /usr/lib/ruby/vendor_ruby/vagrant/bundler.rb:231:in `internal_install'
Exception of type 'System.Windows.Forms.AxHost+InvalidActiveXStateException' was thrown.
Value:'conn.ServerVersion' threw an exception of type 'System.InvalidOperationException' string {System.InvalidOperationException}
--- End of inner exception stack trace ---
Microsoft OLE DB Provider for ODBC Drivers error '80004005'
Error 1123-4567 (1a2f2a4f)
at some.class.Something(String this, int that)
at System.Data.Common.DbDataAdapter.FillInternal(DataSet dataset, DataTable[] datatables, Int32 startRecord, Int32 maxRecords, String srcTable, IDbCommand command, CommandBehavior behavior)
at System.Data.OleDb.OleDbCommand.ExecuteCommand(CommandBehavior behavior, Object&amp; executeResult)
System.Web.Services.Protocols.SoapException: Web Exception ---&gt; System.Exception:
in c:\inetpub\wwwroot\Portal\DSPII\App_Code\DCSDownloadService.cs:line 866
in c:\downloads\AltoroMutual_v6\website\bank\login.aspx.cs:line 68
Syntax error in string in query expression 'username =
,\"scala.Option.map(Option.scala:146)\"
(generated by waitress)
com.example.some.java.software.with.those.endless.package.names.NotFoundLdapException","softwareError":null,"message":"ldap search failed: LdapSearchObject(baseDN='cn=placeholder1,cn=placeholder2,ou=placeholder3,ou=placeholder4,ou=placeholder5,o=placeholder6,c=placeholder7', scope=SOME, deref=foo, sizeLimit=0, timeLimit=0, filter='(objectClass=someother)', attrs={description})
#WebSeal: 
     * Code: 0x38cf04d7
&ERROR_CODE=0x38cf0428&
TempScript.groovy:243
aaaa.lang.groovy.blablaException
Unclosed quotation mark after the character string 'diff.bak'.
ORA-01756: quoted string not properly terminated
java.lang.NullPointerException: Attempt to invoke virtual method 'boolean java.lang.String.equals(java.lang.Object)' on a null object reference
java.lang.IllegalArgumentException: Argument is not an array
java.lang.IllegalStateException: Could not execute method for android:onClick
java.lang.Exception: something something goes here
java.io.FileNotFoundException: File (filename.txt) not found in the specified path
System.NullReferenceException: Object reference not set to an instance of an object.
System.ArgumentNullException: Value cannot be null. (Parameter 'arg')
System.IO.FileNotFoundException: Could not find file 'C:\myfolder\myfile.txt'.
System.InvalidOperationException: Sequence contains no elements
Notice: Undefined index: mykey in C:\xampp\htdocs\test\index.php on line 15
Notice: Undefined variable: varName in C:\xampp\htdocs\test\index.php on line 15
Notice: Undefined offset: 5 in C:\xampp\htdocs\test\index.php on line 15
NameError: name 'undefinedVar' is not defined
ImportError: No module named 'nonexistentmodule'
IndentationError: expected an indented block
ReferenceError: nonExistentFunction is not defined
TypeError: Cannot read property 'prop' of undefined
UnhandledPromiseRejectionWarning: Unhandled promise rejection (rejection id: 1): Error: This is an error text
AH00526: Syntax error on line 20 of /etc/apache2/apache2.conf: Invalid command 'undefCommand', perhaps misspelled or defined by a module not included in the server configuration
mod_evasive: client 192.168.1.101 has reached or exceeded the 'maxconnsperip' limit.
client intended to address ipv6 backend without ipv6 on socket
could not build optimal proxy_headers_hash, you should increase either proxy_headers_hash_max_size: 512 or proxy_headers_hash_bucket_size: 64; ignoring proxy_headers_hash_bucket_size
E QUERY [thread1] SyntaxError: invalid object initializer
2016-10-26T19:34:34.886-0400 E QUERY    [thread1] SyntaxError: missing ; before statement @(shell eval):1:5
uncaught exception: out of memory
{"msg":"\n### Error querying database.  Cause: com.microsoft.sqlserver.jdbc.SQLServerException: Invalid object name 'user'.\n### The error may exist in REDACTED.java (best guess)\n### The error may involve defaultParameterMap\n### The error occurred while setting parameters\n### SQL: SELECT  id,account,password,is_active,create_time,update_time,failed_numbers  FROM [user]     WHERE (account = ?)\n### Cause: com.microsoft.sqlserver.jdbc.SQLServerException: Invalid object name 'user'.\n; bad SQL grammar []; nested exception is com.microsoft.sqlserver.jdbc.SQLServerException: Invalid object name 'user'.","code":500}
